Build started 19.11.15 1:19:04.
     1>Project "\\psf\Dropbox\University\5 term\Архитектура ОС W\semestr's\semestr's\semestr's.vcxproj" on node 2 (Build target(s)).
     1>ClCompile:
         C:\Program Files (x86)\Microsoft Visual Studio 12.0\VC\bin\CL.exe /c /ZI /nologo /W3 /WX- /sdl /Od /Oy- /D WIN32 /D _DEBUG /D _WINDOWS /D _UNICODE /D UNICODE /Gm /EHsc /RTC1 /MDd /GS /fp:precise /Zc:wchar_t /Zc:forScope /Yc"stdafx.h" /Fp"Debug\1.pch" /Fo"Debug\\" /Fd"Debug\vc120.pdb" /Gd /TP /analyze- /errorReport:prompt stdafx.cpp
         stdafx.cpp
     1>c1xx : fatal error C1083: Cannot open source file: 'stdafx.cpp': No such file or directory
     1>Done Building Project "\\psf\Dropbox\University\5 term\Архитектура ОС W\semestr's\semestr's\semestr's.vcxproj" (Build target(s)) -- FAILED.

Build FAILED.

Time Elapsed 00:00:00.24
